<?xml version="1.0" encoding="UTF-8"?>
<testsuite name="ErrorTest" time="0.001" tests="23" errors="23" skipped="0" failures="0">
  <properties>
[...]
</properties>
  <testcase name="test01" classname="ErrorTest0" time="0.001">
    <error type="java.lang.NullPointerException:">java.lang.NullPointerException: null
	at brain.ga.GAEnumAllelesSet.allele(GAEnumAllelesSet.java:23)
	at ErrorTest0.test01(ErrorTest0.java:15)
</error>
  </testcase>
  <testcase name="test02" classname="ErrorTest0" time="0">
    <error type="java.lang.NullPointerException:">java.lang.NullPointerException: null
	at brain.ga.GAEnumAllelesSet.allele(GAEnumAllelesSet.java:19)
	at ErrorTest0.test02(ErrorTest0.java:23)
</error>
  </testcase>
  <testcase name="test03" classname="ErrorTest0" time="0">
    <error type="java.lang.NullPointerException:">java.lang.NullPointerException: null
	at brain.ga.GAEnumAllelesSet.size(GAEnumAllelesSet.java:31)
	at ErrorTest0.test03(ErrorTest0.java:31)
</error>
  </testcase>
  <testcase name="test04" classname="ErrorTest0" time="0">
    <error type="java.lang.NullPointerException:">java.lang.NullPointerException: null
	at brain.ga.GAEnumAllelesSet.allele(GAEnumAllelesSet.java:23)
	at ErrorTest0.test04(ErrorTest0.java:39)
</error>
  </testcase>
  <testcase name="test05" classname="ErrorTest0" time="0">
    <error type="java.lang.NullPointerException:">java.lang.NullPointerException: null
	at brain.ga.GAEnumAllelesSet.allele(GAEnumAllelesSet.java:23)
	at ErrorTest0.test05(ErrorTest0.java:47)
</error>
  </testcase>
  <testcase name="test06" classname="ErrorTest0" time="0">
    <error type="java.lang.NullPointerException:">java.lang.NullPointerException: null
	at brain.ga.GAEnumAllelesSet.allele(GAEnumAllelesSet.java:23)
	at ErrorTest0.test06(ErrorTest0.java:55)
</error>
  </testcase>
  <testcase name="test07" classname="ErrorTest0" time="0">
    <error type="java.lang.NullPointerException:">java.lang.NullPointerException: null
	at brain.ga.GAEnumAllelesSet.allele(GAEnumAllelesSet.java:23)
	at ErrorTest0.test07(ErrorTest0.java:63)
</error>
  </testcase>
  <testcase name="test08" classname="ErrorTest0" time="0">
    <error type="java.lang.NullPointerException:">java.lang.NullPointerException: null
	at brain.ga.GAEnumAllelesSet.allele(GAEnumAllelesSet.java:23)
	at ErrorTest0.test08(ErrorTest0.java:71)
</error>
  </testcase>
  <testcase name="test09" classname="ErrorTest0" time="0">
    <error type="java.lang.NullPointerException:">java.lang.NullPointerException: null
	at brain.ga.GAEnumAllelesSet.allele(GAEnumAllelesSet.java:23)
	at ErrorTest0.test09(ErrorTest0.java:80)
</error>
  </testcase>
  <testcase name="test10" classname="ErrorTest0" time="0">
    <error type="java.lang.NullPointerException:">java.lang.NullPointerException: null
	at brain.ga.GAEnumAllelesSet.size(GAEnumAllelesSet.java:31)
	at ErrorTest0.test10(ErrorTest0.java:89)
</error>
  </testcase>
  <testcase name="test11" classname="ErrorTest0" time="0">
    <error type="java.lang.NullPointerException:">java.lang.NullPointerException: null
	at brain.ga.GAEnumAllelesSet.allele(GAEnumAllelesSet.java:23)
	at ErrorTest0.test11(ErrorTest0.java:98)
</error>
  </testcase>
  <testcase name="test12" classname="ErrorTest0" time="0">
    <error type="java.lang.NullPointerException:">java.lang.NullPointerException: null
	at brain.ga.GAEnumAllelesSet.allele(GAEnumAllelesSet.java:23)
	at ErrorTest0.test12(ErrorTest0.java:106)
</error>
  </testcase>
  <testcase name="test13" classname="ErrorTest0" time="0">
    <error type="java.lang.NullPointerException:">java.lang.NullPointerException: null
	at brain.ga.GAEnumAllelesSet.allele(GAEnumAllelesSet.java:19)
	at ErrorTest0.test13(ErrorTest0.java:115)
</error>
  </testcase>
  <testcase name="test14" classname="ErrorTest0" time="0">
    <error type="java.lang.NullPointerException:">java.lang.NullPointerException: null
	at brain.ga.GAEnumAllelesSet.allele(GAEnumAllelesSet.java:23)
	at ErrorTest0.test14(ErrorTest0.java:123)
</error>
  </testcase>
  <testcase name="test15" classname="ErrorTest0" time="0">
    <error type="java.lang.NullPointerException:">java.lang.NullPointerException: null
	at brain.ga.GAEnumAllelesSet.allele(GAEnumAllelesSet.java:23)
	at ErrorTest0.test15(ErrorTest0.java:132)
</error>
  </testcase>
  <testcase name="test16" classname="ErrorTest0" time="0">
    <error type="java.lang.NullPointerException:">java.lang.NullPointerException: null
	at brain.ga.GAEnumAllelesSet.allele(GAEnumAllelesSet.java:23)
	at ErrorTest0.test16(ErrorTest0.java:141)
</error>
  </testcase>
  <testcase name="test17" classname="ErrorTest0" time="0">
    <error type="java.lang.NullPointerException:">java.lang.NullPointerException: null
	at brain.ga.GAEnumAllelesSet.allele(GAEnumAllelesSet.java:23)
	at ErrorTest0.test17(ErrorTest0.java:150)
</error>
  </testcase>
  <testcase name="test18" classname="ErrorTest0" time="0">
    <error type="java.lang.NullPointerException:">java.lang.NullPointerException: null
	at brain.ga.GAEnumAllelesSet.allele(GAEnumAllelesSet.java:23)
	at ErrorTest0.test18(ErrorTest0.java:159)
</error>
  </testcase>
  <testcase name="test19" classname="ErrorTest0" time="0">
    <error type="java.lang.NullPointerException:">java.lang.NullPointerException: null
	at brain.ga.GAEnumAllelesSet.allele(GAEnumAllelesSet.java:23)
	at ErrorTest0.test19(ErrorTest0.java:168)
</error>
  </testcase>
  <testcase name="test20" classname="ErrorTest0" time="0">
    <error type="java.lang.NullPointerException:">java.lang.NullPointerException: null
	at brain.ga.GAEnumAllelesSet.allele(GAEnumAllelesSet.java:23)
	at ErrorTest0.test20(ErrorTest0.java:177)
</error>
  </testcase>
  <testcase name="test21" classname="ErrorTest0" time="0">
    <error type="java.lang.NullPointerException:">java.lang.NullPointerException: null
	at brain.ga.GAEnumAllelesSet.allele(GAEnumAllelesSet.java:23)
	at ErrorTest0.test21(ErrorTest0.java:185)
</error>
  </testcase>
  <testcase name="test22" classname="ErrorTest0" time="0">
    <error type="java.lang.NullPointerException:">java.lang.NullPointerException: null
	at brain.ga.GAEnumAllelesSet.allele(GAEnumAllelesSet.java:23)
	at ErrorTest0.test22(ErrorTest0.java:194)
</error>
  </testcase>
  <testcase name="test23" classname="ErrorTest0" time="0">
    <error type="java.lang.NullPointerException:">java.lang.NullPointerException: null
	at brain.ga.GAEnumAllelesSet.allele(GAEnumAllelesSet.java:23)
	at ErrorTest0.test23(ErrorTest0.java:203)
</error>
  </testcase>
</testsuite>