<coverage branch-rate="0.012021857923497269" branches-covered="11" branches-valid="915" complexity="3.7777777777777777" line-rate="0.008583690987124463" lines-covered="16" lines-valid="1864" timestamp="1557024772125" version="2.1.1">
	<sources>
		<source>/home/elvicius/Documents/Evodoop/projects/1_tullibee/src/main/java</source>
		<source>--source</source>
	</sources>
	<packages>
		<package branch-rate="0.012021857923497269" complexity="3.7777777777777777" line-rate="0.008583690987124463" name="com.ib.client">
			<classes>
				<class branch-rate="1.0" complexity="1.0" filename="com/ib/client/AnyWrapper.java" line-rate="1.0" name="com.ib.client.AnyWrapper">
					<methods>
					</methods>
					<lines>
					</lines>
				</class>
				<class branch-rate="1.0" complexity="1.0" filename="com/ib/client/EClientErrors.java" line-rate="0.0" name="com.ib.client.EClientErrors$CodeMsgPair">
					<methods>
						<method branch-rate="1.0" complexity="0" line-rate="0.0" name="&lt;init&gt;" signature="(ILjava/lang/String;)V">
							<lines>
								<line branch="false" hits="0" number="82" />
								<line branch="false" hits="0" number="83" />
								<line branch="false" hits="0" number="84" />
								<line branch="false" hits="0" number="85" />
							</lines>
						</method>
						<method branch-rate="1.0" complexity="0" line-rate="0.0" name="code" signature="()I">
							<lines>
								<line branch="false" hits="0" number="73" />
							</lines>
						</method>
						<method branch-rate="1.0" complexity="0" line-rate="0.0" name="msg" signature="()Ljava/lang/String;">
							<lines>
								<line branch="false" hits="0" number="74" />
							</lines>
						</method>
					</methods>
					<lines>
						<line branch="false" hits="0" number="73" />
						<line branch="false" hits="0" number="74" />
						<line branch="false" hits="0" number="82" />
						<line branch="false" hits="0" number="83" />
						<line branch="false" hits="0" number="84" />
						<line branch="false" hits="0" number="85" />
					</lines>
				</class>
				<class branch-rate="1.0" complexity="1.0" filename="com/ib/client/EWrapper.java" line-rate="1.0" name="com.ib.client.EWrapper">
					<methods>
					</methods>
					<lines>
					</lines>
				</class>
				<class branch-rate="0.9166666666666666" complexity="6.5" filename="com/ib/client/UnderComp.java" line-rate="0.9411764705882353" name="com.ib.client.UnderComp">
					<methods>
						<method branch-rate="1.0" complexity="0" line-rate="1.0" name="&lt;init&gt;" signature="()V">
							<lines>
								<line branch="false" hits="196" number="32" />
								<line branch="false" hits="196" number="33" />
								<line branch="false" hits="196" number="34" />
								<line branch="false" hits="196" number="35" />
								<line branch="false" hits="196" number="36" />
							</lines>
						</method>
						<method branch-rate="0.9166666666666666" complexity="0" line-rate="0.9166666666666666" name="equals" signature="(Ljava/lang/Object;)Z">
							<lines>
								<line branch="true" condition-coverage="50% (1/2)" hits="144" number="40">
									<conditions>
										<condition coverage="50%" number="0" type="jump" />
									</conditions>
								</line>
								<line branch="false" hits="0" number="41" />
								<line branch="true" condition-coverage="100% (4/4)" hits="144" number="44">
									<conditions>
										<condition coverage="100%" number="0" type="jump" />
										<condition coverage="100%" number="1" type="jump" />
									</conditions>
								</line>
								<line branch="false" hits="78" number="45" />
								<line branch="false" hits="66" number="48" />
								<line branch="true" condition-coverage="100% (2/2)" hits="66" number="50">
									<conditions>
										<condition coverage="100%" number="0" type="jump" />
									</conditions>
								</line>
								<line branch="false" hits="26" number="51" />
								<line branch="true" condition-coverage="100% (2/2)" hits="40" number="53">
									<conditions>
										<condition coverage="100%" number="0" type="jump" />
									</conditions>
								</line>
								<line branch="false" hits="1" number="54" />
								<line branch="true" condition-coverage="100% (2/2)" hits="39" number="56">
									<conditions>
										<condition coverage="100%" number="0" type="jump" />
									</conditions>
								</line>
								<line branch="false" hits="16" number="57" />
								<line branch="false" hits="23" number="60" />
							</lines>
						</method>
					</methods>
					<lines>
						<line branch="false" hits="196" number="32" />
						<line branch="false" hits="196" number="33" />
						<line branch="false" hits="196" number="34" />
						<line branch="false" hits="196" number="35" />
						<line branch="false" hits="196" number="36" />
						<line branch="true" condition-coverage="50% (1/2)" hits="144" number="40">
							<conditions>
								<condition coverage="50%" number="0" type="jump" />
							</conditions>
						</line>
						<line branch="false" hits="0" number="41" />
						<line branch="true" condition-coverage="100% (4/4)" hits="144" number="44">
							<conditions>
								<condition coverage="100%" number="0" type="jump" />
								<condition coverage="100%" number="1" type="jump" />
							</conditions>
						</line>
						<line branch="false" hits="78" number="45" />
						<line branch="false" hits="66" number="48" />
						<line branch="true" condition-coverage="100% (2/2)" hits="66" number="50">
							<conditions>
								<condition coverage="100%" number="0" type="jump" />
							</conditions>
						</line>
						<line branch="false" hits="26" number="51" />
						<line branch="true" condition-coverage="100% (2/2)" hits="40" number="53">
							<conditions>
								<condition coverage="100%" number="0" type="jump" />
							</conditions>
						</line>
						<line branch="false" hits="1" number="54" />
						<line branch="true" condition-coverage="100% (2/2)" hits="39" number="56">
							<conditions>
								<condition coverage="100%" number="0" type="jump" />
							</conditions>
						</line>
						<line branch="false" hits="16" number="57" />
						<line branch="false" hits="23" number="60" />
					</lines>
				</class>
				<class branch-rate="0.75" complexity="1.6666666666666667" filename="com/ib/client/Execution.java" line-rate="0.9696969696969697" name="com.ib.client.Execution">
					<methods>
						<method branch-rate="1.0" complexity="0" line-rate="1.0" name="&lt;init&gt;" signature="()V">
							<lines>
								<line branch="false" hits="133" number="40" />
								<line branch="false" hits="133" number="41" />
								<line branch="false" hits="133" number="42" />
								<line branch="false" hits="133" number="43" />
								<line branch="false" hits="133" number="44" />
								<line branch="false" hits="133" number="45" />
								<line branch="false" hits="133" number="46" />
								<line branch="false" hits="133" number="47" />
								<line branch="false" hits="133" number="48" />
								<line branch="false" hits="133" number="49" />
							</lines>
						</method>
						<method branch-rate="1.0" complexity="0" line-rate="1.0" name="&lt;init&gt;" signature="(IILjava/lang/String;Ljava/lang/String;Ljava/lang/String;Ljava/lang/String;Ljava/lang/String;IDIIID)V">
							<lines>
								<line branch="false" hits="40" number="54" />
								<line branch="false" hits="40" number="55" />
								<line branch="false" hits="40" number="56" />
								<line branch="false" hits="40" number="57" />
								<line branch="false" hits="40" number="58" />
								<line branch="false" hits="40" number="59" />
								<line branch="false" hits="40" number="60" />
								<line branch="false" hits="40" number="61" />
								<line branch="false" hits="40" number="62" />
								<line branch="false" hits="40" number="63" />
								<line branch="false" hits="40" number="64" />
								<line branch="false" hits="40" number="65" />
								<line branch="false" hits="40" number="66" />
								<line branch="false" hits="40" number="67" />
								<line branch="false" hits="40" number="68" />
							</lines>
						</method>
						<method branch-rate="0.75" complexity="0" line-rate="0.875" name="equals" signature="(Ljava/lang/Object;)Z">
							<lines>
								<line branch="false" hits="7" number="71" />
								<line branch="true" condition-coverage="100% (2/2)" hits="7" number="73">
									<conditions>
										<condition coverage="100%" number="0" type="jump" />
									</conditions>
								</line>
								<line branch="false" hits="1" number="74" />
								<line branch="true" condition-coverage="50% (1/2)" hits="6" number="76">
									<conditions>
										<condition coverage="50%" number="0" type="jump" />
									</conditions>
								</line>
								<line branch="false" hits="0" number="77" />
								<line branch="false" hits="6" number="80" />
								<line branch="false" hits="3" number="81" />
								<line branch="false" hits="1" number="83" />
							</lines>
						</method>
					</methods>
					<lines>
						<line branch="false" hits="133" number="40" />
						<line branch="false" hits="133" number="41" />
						<line branch="false" hits="133" number="42" />
						<line branch="false" hits="133" number="43" />
						<line branch="false" hits="133" number="44" />
						<line branch="false" hits="133" number="45" />
						<line branch="false" hits="133" number="46" />
						<line branch="false" hits="133" number="47" />
						<line branch="false" hits="133" number="48" />
						<line branch="false" hits="133" number="49" />
						<line branch="false" hits="40" number="54" />
						<line branch="false" hits="40" number="55" />
						<line branch="false" hits="40" number="56" />
						<line branch="false" hits="40" number="57" />
						<line branch="false" hits="40" number="58" />
						<line branch="false" hits="40" number="59" />
						<line branch="false" hits="40" number="60" />
						<line branch="false" hits="40" number="61" />
						<line branch="false" hits="40" number="62" />
						<line branch="false" hits="40" number="63" />
						<line branch="false" hits="40" number="64" />
						<line branch="false" hits="40" number="65" />
						<line branch="false" hits="40" number="66" />
						<line branch="false" hits="40" number="67" />
						<line branch="false" hits="40" number="68" />
						<line branch="false" hits="7" number="71" />
						<line branch="true" condition-coverage="100% (2/2)" hits="7" number="73">
							<conditions>
								<condition coverage="100%" number="0" type="jump" />
							</conditions>
						</line>
						<line branch="false" hits="1" number="74" />
						<line branch="true" condition-coverage="50% (1/2)" hits="6" number="76">
							<conditions>
								<condition coverage="50%" number="0" type="jump" />
							</conditions>
						</line>
						<line branch="false" hits="0" number="77" />
						<line branch="false" hits="6" number="80" />
						<line branch="false" hits="3" number="81" />
						<line branch="false" hits="1" number="83" />
					</lines>
				</class>
				<class branch-rate="0.5" complexity="9.5" filename="com/ib/client/Contract.java" line-rate="0.7" name="com.ib.client.Contract">
					<methods>
						<method branch-rate="1.0" complexity="0" line-rate="0.0" name="&lt;init&gt;" signature="()V">
							<lines>
								<line branch="false" hits="0" number="53" />
								<line branch="false" hits="0" number="54" />
								<line branch="false" hits="0" number="55" />
								<line branch="false" hits="0" number="56" />
								<line branch="false" hits="0" number="57" />
							</lines>
						</method>
						<method branch-rate="1.0" complexity="0" line-rate="1.0" name="&lt;init&gt;" signature="(ILjava/lang/String;Ljava/lang/String;Ljava/lang/String;DLjava/lang/String;Ljava/lang/String;Ljava/lang/String;Ljava/lang/String;Ljava/lang/String;Ljava/util/Vector;Ljava/lang/String;ZLjava/lang/String;Ljava/lang/String;)V">
							<lines>
								<line branch="false" hits="154" number="48" />
								<line branch="false" hits="154" number="69" />
								<line branch="false" hits="154" number="70" />
								<line branch="false" hits="154" number="71" />
								<line branch="false" hits="154" number="72" />
								<line branch="false" hits="154" number="73" />
								<line branch="false" hits="154" number="74" />
								<line branch="false" hits="154" number="75" />
								<line branch="false" hits="154" number="76" />
								<line branch="false" hits="154" number="77" />
								<line branch="false" hits="154" number="78" />
								<line branch="false" hits="154" number="79" />
								<line branch="false" hits="154" number="80" />
								<line branch="false" hits="154" number="81" />
								<line branch="false" hits="154" number="82" />
								<line branch="false" hits="154" number="83" />
								<line branch="false" hits="154" number="84" />
								<line branch="false" hits="154" number="85" />
							</lines>
						</method>
						<method branch-rate="1.0" complexity="0" line-rate="0.6666666666666666" name="clone" signature="()Ljava/lang/Object;">
							<lines>
								<line branch="false" hits="7" number="60" />
								<line branch="false" hits="7" number="61" />
								<line branch="false" hits="0" number="62" />
							</lines>
						</method>
						<method branch-rate="0.5" complexity="0" line-rate="0.6470588235294118" name="equals" signature="(Ljava/lang/Object;)Z">
							<lines>
								<line branch="true" condition-coverage="50% (1/2)" hits="36" number="89">
									<conditions>
										<condition coverage="50%" number="0" type="jump" />
									</conditions>
								</line>
								<line branch="false" hits="0" number="90" />
								<line branch="true" condition-coverage="100% (4/4)" hits="36" number="93">
									<conditions>
										<condition coverage="100%" number="0" type="jump" />
										<condition coverage="100%" number="1" type="jump" />
									</conditions>
								</line>
								<line branch="false" hits="31" number="94" />
								<line branch="false" hits="5" number="97" />
								<line branch="true" condition-coverage="100% (2/2)" hits="5" number="99">
									<conditions>
										<condition coverage="100%" number="0" type="jump" />
									</conditions>
								</line>
								<line branch="false" hits="1" number="100" />
								<line branch="true" condition-coverage="50% (1/2)" hits="4" number="103">
									<conditions>
										<condition coverage="50%" number="0" type="jump" />
									</conditions>
								</line>
								<line branch="false" hits="0" number="104" />
								<line branch="true" condition-coverage="50% (1/2)" hits="4" number="107">
									<conditions>
										<condition coverage="50%" number="0" type="jump" />
									</conditions>
								</line>
								<line branch="true" condition-coverage="50% (1/2)" hits="4" number="108">
									<conditions>
										<condition coverage="50%" number="0" type="jump" />
									</conditions>
								</line>
								<line branch="true" condition-coverage="50% (1/2)" hits="4" number="109">
									<conditions>
										<condition coverage="50%" number="0" type="jump" />
									</conditions>
								</line>
								<line branch="true" condition-coverage="50% (1/2)" hits="4" number="110">
									<conditions>
										<condition coverage="50%" number="0" type="jump" />
									</conditions>
								</line>
								<line branch="false" hits="0" number="111" />
								<line branch="true" condition-coverage="50% (1/2)" hits="4" number="114">
									<conditions>
										<condition coverage="50%" number="0" type="jump" />
									</conditions>
								</line>
								<line branch="true" condition-coverage="50% (1/2)" hits="4" number="116">
									<conditions>
										<condition coverage="50%" number="0" type="jump" />
									</conditions>
								</line>
								<line branch="false" hits="0" number="117" />
								<line branch="true" condition-coverage="50% (1/2)" hits="4" number="120">
									<conditions>
										<condition coverage="50%" number="0" type="jump" />
									</conditions>
								</line>
								<line branch="true" condition-coverage="50% (1/2)" hits="4" number="121">
									<conditions>
										<condition coverage="50%" number="0" type="jump" />
									</conditions>
								</line>
								<line branch="true" condition-coverage="50% (1/2)" hits="4" number="122">
									<conditions>
										<condition coverage="50%" number="0" type="jump" />
									</conditions>
								</line>
								<line branch="true" condition-coverage="50% (1/2)" hits="4" number="123">
									<conditions>
										<condition coverage="50%" number="0" type="jump" />
									</conditions>
								</line>
								<line branch="false" hits="0" number="124" />
								<line branch="true" condition-coverage="50% (1/2)" hits="4" number="128">
									<conditions>
										<condition coverage="50%" number="0" type="jump" />
									</conditions>
								</line>
								<line branch="false" hits="0" number="129" />
								<line branch="true" condition-coverage="50% (1/2)" hits="4" number="132">
									<conditions>
										<condition coverage="50%" number="0" type="jump" />
									</conditions>
								</line>
								<line branch="false" hits="0" number="133" />
								<line branch="true" condition-coverage="50% (1/2)" hits="4" number="137">
									<conditions>
										<condition coverage="50%" number="0" type="jump" />
									</conditions>
								</line>
								<line branch="false" hits="0" number="138" />
								<line branch="true" condition-coverage="50% (1/2)" hits="4" number="141">
									<conditions>
										<condition coverage="50%" number="0" type="jump" />
									</conditions>
								</line>
								<line branch="true" condition-coverage="0% (0/4)" hits="0" number="142">
									<conditions>
										<condition coverage="0%" number="0" type="jump" />
										<condition coverage="0%" number="1" type="jump" />
									</conditions>
								</line>
								<line branch="false" hits="0" number="143" />
								<line branch="true" condition-coverage="0% (0/2)" hits="0" number="145">
									<conditions>
										<condition coverage="0%" number="0" type="jump" />
									</conditions>
								</line>
								<line branch="false" hits="0" number="146" />
								<line branch="false" hits="4" number="150" />
							</lines>
						</method>
					</methods>
					<lines>
						<line branch="false" hits="154" number="48" />
						<line branch="false" hits="0" number="53" />
						<line branch="false" hits="0" number="54" />
						<line branch="false" hits="0" number="55" />
						<line branch="false" hits="0" number="56" />
						<line branch="false" hits="0" number="57" />
						<line branch="false" hits="7" number="60" />
						<line branch="false" hits="7" number="61" />
						<line branch="false" hits="0" number="62" />
						<line branch="false" hits="154" number="69" />
						<line branch="false" hits="154" number="70" />
						<line branch="false" hits="154" number="71" />
						<line branch="false" hits="154" number="72" />
						<line branch="false" hits="154" number="73" />
						<line branch="false" hits="154" number="74" />
						<line branch="false" hits="154" number="75" />
						<line branch="false" hits="154" number="76" />
						<line branch="false" hits="154" number="77" />
						<line branch="false" hits="154" number="78" />
						<line branch="false" hits="154" number="79" />
						<line branch="false" hits="154" number="80" />
						<line branch="false" hits="154" number="81" />
						<line branch="false" hits="154" number="82" />
						<line branch="false" hits="154" number="83" />
						<line branch="false" hits="154" number="84" />
						<line branch="false" hits="154" number="85" />
						<line branch="true" condition-coverage="50% (1/2)" hits="36" number="89">
							<conditions>
								<condition coverage="50%" number="0" type="jump" />
							</conditions>
						</line>
						<line branch="false" hits="0" number="90" />
						<line branch="true" condition-coverage="100% (4/4)" hits="36" number="93">
							<conditions>
								<condition coverage="100%" number="0" type="jump" />
								<condition coverage="100%" number="1" type="jump" />
							</conditions>
						</line>
						<line branch="false" hits="31" number="94" />
						<line branch="false" hits="5" number="97" />
						<line branch="true" condition-coverage="100% (2/2)" hits="5" number="99">
							<conditions>
								<condition coverage="100%" number="0" type="jump" />
							</conditions>
						</line>
						<line branch="false" hits="1" number="100" />
						<line branch="true" condition-coverage="50% (1/2)" hits="4" number="103">
							<conditions>
								<condition coverage="50%" number="0" type="jump" />
							</conditions>
						</line>
						<line branch="false" hits="0" number="104" />
						<line branch="true" condition-coverage="50% (1/2)" hits="4" number="107">
							<conditions>
								<condition coverage="50%" number="0" type="jump" />
							</conditions>
						</line>
						<line branch="true" condition-coverage="50% (1/2)" hits="4" number="108">
							<conditions>
								<condition coverage="50%" number="0" type="jump" />
							</conditions>
						</line>
						<line branch="true" condition-coverage="50% (1/2)" hits="4" number="109">
							<conditions>
								<condition coverage="50%" number="0" type="jump" />
							</conditions>
						</line>
						<line branch="true" condition-coverage="50% (1/2)" hits="4" number="110">
							<conditions>
								<condition coverage="50%" number="0" type="jump" />
							</conditions>
						</line>
						<line branch="false" hits="0" number="111" />
						<line branch="true" condition-coverage="50% (1/2)" hits="4" number="114">
							<conditions>
								<condition coverage="50%" number="0" type="jump" />
							</conditions>
						</line>
						<line branch="true" condition-coverage="50% (1/2)" hits="4" number="116">
							<conditions>
								<condition coverage="50%" number="0" type="jump" />
							</conditions>
						</line>
						<line branch="false" hits="0" number="117" />
						<line branch="true" condition-coverage="50% (1/2)" hits="4" number="120">
							<conditions>
								<condition coverage="50%" number="0" type="jump" />
							</conditions>
						</line>
						<line branch="true" condition-coverage="50% (1/2)" hits="4" number="121">
							<conditions>
								<condition coverage="50%" number="0" type="jump" />
							</conditions>
						</line>
						<line branch="true" condition-coverage="50% (1/2)" hits="4" number="122">
							<conditions>
								<condition coverage="50%" number="0" type="jump" />
							</conditions>
						</line>
						<line branch="true" condition-coverage="50% (1/2)" hits="4" number="123">
							<conditions>
								<condition coverage="50%" number="0" type="jump" />
							</conditions>
						</line>
						<line branch="false" hits="0" number="124" />
						<line branch="true" condition-coverage="50% (1/2)" hits="4" number="128">
							<conditions>
								<condition coverage="50%" number="0" type="jump" />
							</conditions>
						</line>
						<line branch="false" hits="0" number="129" />
						<line branch="true" condition-coverage="50% (1/2)" hits="4" number="132">
							<conditions>
								<condition coverage="50%" number="0" type="jump" />
							</conditions>
						</line>
						<line branch="false" hits="0" number="133" />
						<line branch="true" condition-coverage="50% (1/2)" hits="4" number="137">
							<conditions>
								<condition coverage="50%" number="0" type="jump" />
							</conditions>
						</line>
						<line branch="false" hits="0" number="138" />
						<line branch="true" condition-coverage="50% (1/2)" hits="4" number="141">
							<conditions>
								<condition coverage="50%" number="0" type="jump" />
							</conditions>
						</line>
						<line branch="true" condition-coverage="0% (0/4)" hits="0" number="142">
							<conditions>
								<condition coverage="0%" number="0" type="jump" />
								<condition coverage="0%" number="1" type="jump" />
							</conditions>
						</line>
						<line branch="false" hits="0" number="143" />
						<line branch="true" condition-coverage="0% (0/2)" hits="0" number="145">
							<conditions>
								<condition coverage="0%" number="0" type="jump" />
							</conditions>
						</line>
						<line branch="false" hits="0" number="146" />
						<line branch="false" hits="4" number="150" />
					</lines>
				</class>
				<class branch-rate="1.0" complexity="1.0" filename="com/ib/client/AnyWrapperMsgGenerator.java" line-rate="1.0" name="com.ib.client.AnyWrapperMsgGenerator">
					<methods>
						<method branch-rate="1.0" complexity="0" line-rate="1.0" name="&lt;init&gt;" signature="()V">
							<lines>
								<line branch="false" hits="1" number="21" />
							</lines>
						</method>
						<method branch-rate="1.0" complexity="0" line-rate="1.0" name="connectionClosed" signature="()Ljava/lang/String;">
							<lines>
								<line branch="false" hits="1" number="35" />
							</lines>
						</method>
						<method branch-rate="1.0" complexity="0" line-rate="1.0" name="error" signature="(IILjava/lang/String;)Ljava/lang/String;">
							<lines>
								<line branch="false" hits="202" number="26" />
								<line branch="false" hits="202" number="27" />
								<line branch="false" hits="202" number="28" />
								<line branch="false" hits="202" number="29" />
								<line branch="false" hits="202" number="30" />
								<line branch="false" hits="202" number="31" />
							</lines>
						</method>
						<method branch-rate="1.0" complexity="0" line-rate="1.0" name="error" signature="(Ljava/lang/Exception;)Ljava/lang/String;">
							<lines>
								<line branch="false" hits="2" number="22" />
							</lines>
						</method>
						<method branch-rate="1.0" complexity="0" line-rate="1.0" name="error" signature="(Ljava/lang/String;)Ljava/lang/String;">
							<lines>
								<line branch="false" hits="108" number="23" />
							</lines>
						</method>
						<method branch-rate="1.0" complexity="0" line-rate="1.0" name="ioError" signature="(Ljava/lang/Exception;)Ljava/lang/String;">
							<lines>
								<line branch="false" hits="1" number="39" />
							</lines>
						</method>
					</methods>
					<lines>
						<line branch="false" hits="1" number="21" />
						<line branch="false" hits="2" number="22" />
						<line branch="false" hits="108" number="23" />
						<line branch="false" hits="202" number="26" />
						<line branch="false" hits="202" number="27" />
						<line branch="false" hits="202" number="28" />
						<line branch="false" hits="202" number="29" />
						<line branch="false" hits="202" number="30" />
						<line branch="false" hits="202" number="31" />
						<line branch="false" hits="1" number="35" />
						<line branch="false" hits="1" number="39" />
					</lines>
				</class>
				<class branch-rate="1.0" complexity="101.0" filename="com/ib/client/TickType.java" line-rate="1.0" name="com.ib.client.TickType">
					<methods>
						<method branch-rate="1.0" complexity="0" line-rate="1.0" name="&lt;init&gt;" signature="()V">
							<lines>
								<line branch="false" hits="1" number="25" />
							</lines>
						</method>
						<method branch-rate="1.0" complexity="0" line-rate="1.0" name="getField" signature="(I)Ljava/lang/String;">
							<lines>
								<line branch="true" condition-coverage="100% (51/51)" hits="66" number="79">
									<conditions>
										<condition coverage="100%" number="0" type="switch" />
									</conditions>
								</line>
								<line branch="false" hits="3" number="80" />
								<line branch="false" hits="3" number="81" />
								<line branch="false" hits="1" number="82" />
								<line branch="false" hits="1" number="83" />
								<line branch="false" hits="1" number="84" />
								<line branch="false" hits="1" number="85" />
								<line branch="false" hits="1" number="86" />
								<line branch="false" hits="1" number="87" />
								<line branch="false" hits="1" number="88" />
								<line branch="false" hits="1" number="89" />
								<line branch="false" hits="3" number="90" />
								<line branch="false" hits="1" number="91" />
								<line branch="false" hits="1" number="92" />
								<line branch="false" hits="1" number="93" />
								<line branch="false" hits="1" number="94" />
								<line branch="false" hits="1" number="95" />
								<line branch="false" hits="1" number="96" />
								<line branch="false" hits="1" number="97" />
								<line branch="false" hits="1" number="98" />
								<line branch="false" hits="1" number="99" />
								<line branch="false" hits="1" number="100" />
								<line branch="false" hits="1" number="101" />
								<line branch="false" hits="1" number="102" />
								<line branch="false" hits="1" number="103" />
								<line branch="false" hits="1" number="104" />
								<line branch="false" hits="1" number="105" />
								<line branch="false" hits="1" number="106" />
								<line branch="false" hits="1" number="107" />
								<line branch="false" hits="1" number="108" />
								<line branch="false" hits="1" number="109" />
								<line branch="false" hits="1" number="110" />
								<line branch="false" hits="1" number="111" />
								<line branch="false" hits="2" number="112" />
								<line branch="false" hits="1" number="113" />
								<line branch="false" hits="1" number="114" />
								<line branch="false" hits="2" number="115" />
								<line branch="false" hits="1" number="116" />
								<line branch="false" hits="1" number="117" />
								<line branch="false" hits="1" number="118" />
								<line branch="false" hits="1" number="119" />
								<line branch="false" hits="1" number="120" />
								<line branch="false" hits="1" number="121" />
								<line branch="false" hits="1" number="122" />
								<line branch="false" hits="1" number="123" />
								<line branch="false" hits="1" number="124" />
								<line branch="false" hits="1" number="125" />
								<line branch="false" hits="1" number="126" />
								<line branch="false" hits="1" number="127" />
								<line branch="false" hits="1" number="128" />
								<line branch="false" hits="1" number="129" />
								<line branch="false" hits="8" number="130" />
							</lines>
						</method>
					</methods>
					<lines>
						<line branch="false" hits="1" number="25" />
						<line branch="true" condition-coverage="100% (51/51)" hits="66" number="79">
							<conditions>
								<condition coverage="100%" number="0" type="switch" />
							</conditions>
						</line>
						<line branch="false" hits="3" number="80" />
						<line branch="false" hits="3" number="81" />
						<line branch="false" hits="1" number="82" />
						<line branch="false" hits="1" number="83" />
						<line branch="false" hits="1" number="84" />
						<line branch="false" hits="1" number="85" />
						<line branch="false" hits="1" number="86" />
						<line branch="false" hits="1" number="87" />
						<line branch="false" hits="1" number="88" />
						<line branch="false" hits="1" number="89" />
						<line branch="false" hits="3" number="90" />
						<line branch="false" hits="1" number="91" />
						<line branch="false" hits="1" number="92" />
						<line branch="false" hits="1" number="93" />
						<line branch="false" hits="1" number="94" />
						<line branch="false" hits="1" number="95" />
						<line branch="false" hits="1" number="96" />
						<line branch="false" hits="1" number="97" />
						<line branch="false" hits="1" number="98" />
						<line branch="false" hits="1" number="99" />
						<line branch="false" hits="1" number="100" />
						<line branch="false" hits="1" number="101" />
						<line branch="false" hits="1" number="102" />
						<line branch="false" hits="1" number="103" />
						<line branch="false" hits="1" number="104" />
						<line branch="false" hits="1" number="105" />
						<line branch="false" hits="1" number="106" />
						<line branch="false" hits="1" number="107" />
						<line branch="false" hits="1" number="108" />
						<line branch="false" hits="1" number="109" />
						<line branch="false" hits="1" number="110" />
						<line branch="false" hits="1" number="111" />
						<line branch="false" hits="2" number="112" />
						<line branch="false" hits="1" number="113" />
						<line branch="false" hits="1" number="114" />
						<line branch="false" hits="2" number="115" />
						<line branch="false" hits="1" number="116" />
						<line branch="false" hits="1" number="117" />
						<line branch="false" hits="1" number="118" />
						<line branch="false" hits="1" number="119" />
						<line branch="false" hits="1" number="120" />
						<line branch="false" hits="1" number="121" />
						<line branch="false" hits="1" number="122" />
						<line branch="false" hits="1" number="123" />
						<line branch="false" hits="1" number="124" />
						<line branch="false" hits="1" number="125" />
						<line branch="false" hits="1" number="126" />
						<line branch="false" hits="1" number="127" />
						<line branch="false" hits="1" number="128" />
						<line branch="false" hits="1" number="129" />
						<line branch="false" hits="8" number="130" />
					</lines>
				</class>
				<class branch-rate="0.0" complexity="5.666666666666667" filename="com/ib/client/OrderState.java" line-rate="0.0" name="com.ib.client.OrderState">
					<methods>
						<method branch-rate="1.0" complexity="0" line-rate="0.0" name="&lt;init&gt;" signature="()V">
							<lines>
								<line branch="false" hits="0" number="40" />
								<line branch="false" hits="0" number="41" />
							</lines>
						</method>
						<method branch-rate="1.0" complexity="0" line-rate="0.0" name="&lt;init&gt;" signature="(Ljava/lang/String;Ljava/lang/String;Ljava/lang/String;Ljava/lang/String;DDDLjava/lang/String;Ljava/lang/String;)V">
							<lines>
								<line branch="false" hits="0" number="45" />
								<line branch="false" hits="0" number="47" />
								<line branch="false" hits="0" number="48" />
								<line branch="false" hits="0" number="49" />
								<line branch="false" hits="0" number="50" />
								<line branch="false" hits="0" number="51" />
								<line branch="false" hits="0" number="52" />
								<line branch="false" hits="0" number="53" />
								<line branch="false" hits="0" number="54" />
								<line branch="false" hits="0" number="55" />
							</lines>
						</method>
						<method branch-rate="0.0" complexity="0" line-rate="0.0" name="equals" signature="(Ljava/lang/Object;)Z">
							<lines>
								<line branch="true" condition-coverage="0% (0/2)" hits="0" number="59">
									<conditions>
										<condition coverage="0%" number="0" type="jump" />
									</conditions>
								</line>
								<line branch="false" hits="0" number="60" />
								<line branch="true" condition-coverage="0% (0/2)" hits="0" number="62">
									<conditions>
										<condition coverage="0%" number="0" type="jump" />
									</conditions>
								</line>
								<line branch="false" hits="0" number="63" />
								<line branch="false" hits="0" number="65" />
								<line branch="true" condition-coverage="0% (0/6)" hits="0" number="67">
									<conditions>
										<condition coverage="0%" number="0" type="jump" />
										<condition coverage="0%" number="1" type="jump" />
										<condition coverage="0%" number="2" type="jump" />
									</conditions>
								</line>
								<line branch="false" hits="0" number="70" />
								<line branch="true" condition-coverage="0% (0/2)" hits="0" number="73">
									<conditions>
										<condition coverage="0%" number="0" type="jump" />
									</conditions>
								</line>
								<line branch="true" condition-coverage="0% (0/2)" hits="0" number="74">
									<conditions>
										<condition coverage="0%" number="0" type="jump" />
									</conditions>
								</line>
								<line branch="true" condition-coverage="0% (0/2)" hits="0" number="75">
									<conditions>
										<condition coverage="0%" number="0" type="jump" />
									</conditions>
								</line>
								<line branch="true" condition-coverage="0% (0/2)" hits="0" number="76">
									<conditions>
										<condition coverage="0%" number="0" type="jump" />
									</conditions>
								</line>
								<line branch="true" condition-coverage="0% (0/2)" hits="0" number="77">
									<conditions>
										<condition coverage="0%" number="0" type="jump" />
									</conditions>
								</line>
								<line branch="false" hits="0" number="78" />
								<line branch="false" hits="0" number="81" />
							</lines>
						</method>
					</methods>
					<lines>
						<line branch="false" hits="0" number="40" />
						<line branch="false" hits="0" number="41" />
						<line branch="false" hits="0" number="45" />
						<line branch="false" hits="0" number="47" />
						<line branch="false" hits="0" number="48" />
						<line branch="false" hits="0" number="49" />
						<line branch="false" hits="0" number="50" />
						<line branch="false" hits="0" number="51" />
						<line branch="false" hits="0" number="52" />
						<line branch="false" hits="0" number="53" />
						<line branch="false" hits="0" number="54" />
						<line branch="false" hits="0" number="55" />
						<line branch="true" condition-coverage="0% (0/2)" hits="0" number="59">
							<conditions>
								<condition coverage="0%" number="0" type="jump" />
							</conditions>
						</line>
						<line branch="false" hits="0" number="60" />
						<line branch="true" condition-coverage="0% (0/2)" hits="0" number="62">
							<conditions>
								<condition coverage="0%" number="0" type="jump" />
							</conditions>
						</line>
						<line branch="false" hits="0" number="63" />
						<line branch="false" hits="0" number="65" />
						<line branch="true" condition-coverage="0% (0/6)" hits="0" number="67">
							<conditions>
								<condition coverage="0%" number="0" type="jump" />
								<condition coverage="0%" number="1" type="jump" />
								<condition coverage="0%" number="2" type="jump" />
							</conditions>
						</line>
						<line branch="false" hits="0" number="70" />
						<line branch="true" condition-coverage="0% (0/2)" hits="0" number="73">
							<conditions>
								<condition coverage="0%" number="0" type="jump" />
							</conditions>
						</line>
						<line branch="true" condition-coverage="0% (0/2)" hits="0" number="74">
							<conditions>
								<condition coverage="0%" number="0" type="jump" />
							</conditions>
						</line>
						<line branch="true" condition-coverage="0% (0/2)" hits="0" number="75">
							<conditions>
								<condition coverage="0%" number="0" type="jump" />
							</conditions>
						</line>
						<line branch="true" condition-coverage="0% (0/2)" hits="0" number="76">
							<conditions>
								<condition coverage="0%" number="0" type="jump" />
							</conditions>
						</line>
						<line branch="true" condition-coverage="0% (0/2)" hits="0" number="77">
							<conditions>
								<condition coverage="0%" number="0" type="jump" />
							</conditions>
						</line>
						<line branch="false" hits="0" number="78" />
						<line branch="false" hits="0" number="81" />
					</lines>
				</class>
				<class branch-rate="0.23333333333333334" complexity="3.5714285714285716" filename="com/ib/client/Util.java" line-rate="0.32142857142857145" name="com.ib.client.Util">
					<methods>
						<method branch-rate="1.0" complexity="0" line-rate="1.0" name="&lt;init&gt;" signature="()V">
							<lines>
								<line branch="false" hits="1" number="26" />
							</lines>
						</method>
						<method branch-rate="0.5" complexity="0" line-rate="1.0" name="DoubleMaxString" signature="(D)Ljava/lang/String;">
							<lines>
								<line branch="true" condition-coverage="50% (1/2)" hits="46" number="86">
									<conditions>
										<condition coverage="50%" number="0" type="jump" />
									</conditions>
								</line>
							</lines>
						</method>
						<method branch-rate="0.5" complexity="0" line-rate="1.0" name="IntMaxString" signature="(I)Ljava/lang/String;">
							<lines>
								<line branch="true" condition-coverage="50% (1/2)" hits="34" number="82">
									<conditions>
										<condition coverage="50%" number="0" type="jump" />
									</conditions>
								</line>
							</lines>
						</method>
						<method branch-rate="0.5" complexity="0" line-rate="1.0" name="NormalizeString" signature="(Ljava/lang/String;)Ljava/lang/String;">
							<lines>
								<line branch="true" condition-coverage="50% (1/2)" hits="378" number="33">
									<conditions>
										<condition coverage="50%" number="0" type="jump" />
									</conditions>
								</line>
							</lines>
						</method>
						<method branch-rate="1.0" complexity="0" line-rate="1.0" name="StringCompare" signature="(Ljava/lang/String;Ljava/lang/String;)I">
							<lines>
								<line branch="false" hits="86" number="37" />
							</lines>
						</method>
						<method branch-rate="1.0" complexity="0" line-rate="1.0" name="StringCompareIgnCase" signature="(Ljava/lang/String;Ljava/lang/String;)I">
							<lines>
								<line branch="false" hits="87" number="41" />
							</lines>
						</method>
						<method branch-rate="0.75" complexity="0" line-rate="1.0" name="StringIsEmpty" signature="(Ljava/lang/String;)Z">
							<lines>
								<line branch="true" condition-coverage="75% (3/4)" hits="38" number="29">
									<conditions>
										<condition coverage="50%" number="0" type="jump" />
										<condition coverage="100%" number="1" type="jump" />
									</conditions>
								</line>
							</lines>
						</method>
						<method branch-rate="0.05" complexity="0" line-rate="0.09523809523809523" name="VectorEqualsUnordered" signature="(Ljava/util/Vector;Ljava/util/Vector;)Z">
							<lines>
								<line branch="true" condition-coverage="50% (1/2)" hits="1" number="46">
									<conditions>
										<condition coverage="50%" number="0" type="jump" />
									</conditions>
								</line>
								<line branch="false" hits="1" number="47" />
								<line branch="true" condition-coverage="0% (0/2)" hits="0" number="49">
									<conditions>
										<condition coverage="0%" number="0" type="jump" />
									</conditions>
								</line>
								<line branch="true" condition-coverage="0% (0/2)" hits="0" number="50">
									<conditions>
										<condition coverage="0%" number="0" type="jump" />
									</conditions>
								</line>
								<line branch="true" condition-coverage="0% (0/2)" hits="0" number="52">
									<conditions>
										<condition coverage="0%" number="0" type="jump" />
									</conditions>
								</line>
								<line branch="false" hits="0" number="53" />
								<line branch="true" condition-coverage="0% (0/2)" hits="0" number="55">
									<conditions>
										<condition coverage="0%" number="0" type="jump" />
									</conditions>
								</line>
								<line branch="false" hits="0" number="56" />
								<line branch="false" hits="0" number="58" />
								<line branch="true" condition-coverage="0% (0/2)" hits="0" number="60">
									<conditions>
										<condition coverage="0%" number="0" type="jump" />
									</conditions>
								</line>
								<line branch="false" hits="0" number="61" />
								<line branch="false" hits="0" number="62" />
								<line branch="true" condition-coverage="0% (0/2)" hits="0" number="63">
									<conditions>
										<condition coverage="0%" number="0" type="jump" />
									</conditions>
								</line>
								<line branch="true" condition-coverage="0% (0/2)" hits="0" number="64">
									<conditions>
										<condition coverage="0%" number="0" type="jump" />
									</conditions>
								</line>
								<line branch="false" hits="0" number="65" />
								<line branch="true" condition-coverage="0% (0/2)" hits="0" number="67">
									<conditions>
										<condition coverage="0%" number="0" type="jump" />
									</conditions>
								</line>
								<line branch="false" hits="0" number="68" />
								<line branch="false" hits="0" number="69" />
								<line branch="true" condition-coverage="0% (0/2)" hits="0" number="72">
									<conditions>
										<condition coverage="0%" number="0" type="jump" />
									</conditions>
								</line>
								<line branch="false" hits="0" number="74" />
								<line branch="false" hits="0" number="78" />
							</lines>
						</method>
					</methods>
					<lines>
						<line branch="false" hits="1" number="26" />
						<line branch="true" condition-coverage="75% (3/4)" hits="38" number="29">
							<conditions>
								<condition coverage="50%" number="0" type="jump" />
								<condition coverage="100%" number="1" type="jump" />
							</conditions>
						</line>
						<line branch="true" condition-coverage="50% (1/2)" hits="378" number="33">
							<conditions>
								<condition coverage="50%" number="0" type="jump" />
							</conditions>
						</line>
						<line branch="false" hits="86" number="37" />
						<line branch="false" hits="87" number="41" />
						<line branch="true" condition-coverage="50% (1/2)" hits="1" number="46">
							<conditions>
								<condition coverage="50%" number="0" type="jump" />
							</conditions>
						</line>
						<line branch="false" hits="1" number="47" />
						<line branch="true" condition-coverage="0% (0/2)" hits="0" number="49">
							<conditions>
								<condition coverage="0%" number="0" type="jump" />
							</conditions>
						</line>
						<line branch="true" condition-coverage="0% (0/2)" hits="0" number="50">
							<conditions>
								<condition coverage="0%" number="0" type="jump" />
							</conditions>
						</line>
						<line branch="true" condition-coverage="0% (0/2)" hits="0" number="52">
							<conditions>
								<condition coverage="0%" number="0" type="jump" />
							</conditions>
						</line>
						<line branch="false" hits="0" number="53" />
						<line branch="true" condition-coverage="0% (0/2)" hits="0" number="55">
							<conditions>
								<condition coverage="0%" number="0" type="jump" />
							</conditions>
						</line>
						<line branch="false" hits="0" number="56" />
						<line branch="false" hits="0" number="58" />
						<line branch="true" condition-coverage="0% (0/2)" hits="0" number="60">
							<conditions>
								<condition coverage="0%" number="0" type="jump" />
							</conditions>
						</line>
						<line branch="false" hits="0" number="61" />
						<line branch="false" hits="0" number="62" />
						<line branch="true" condition-coverage="0% (0/2)" hits="0" number="63">
							<conditions>
								<condition coverage="0%" number="0" type="jump" />
							</conditions>
						</line>
						<line branch="true" condition-coverage="0% (0/2)" hits="0" number="64">
							<conditions>
								<condition coverage="0%" number="0" type="jump" />
							</conditions>
						</line>
						<line branch="false" hits="0" number="65" />
						<line branch="true" condition-coverage="0% (0/2)" hits="0" number="67">
							<conditions>
								<condition coverage="0%" number="0" type="jump" />
							</conditions>
						</line>
						<line branch="false" hits="0" number="68" />
						<line branch="false" hits="0" number="69" />
						<line branch="true" condition-coverage="0% (0/2)" hits="0" number="72">
							<conditions>
								<condition coverage="0%" number="0" type="jump" />
							</conditions>
						</line>
						<line branch="false" hits="0" number="74" />
						<line branch="false" hits="0" number="78" />
						<line branch="true" condition-coverage="50% (1/2)" hits="34" number="82">
							<conditions>
								<condition coverage="50%" number="0" type="jump" />
							</conditions>
						</line>
						<line branch="true" condition-coverage="50% (1/2)" hits="46" number="86">
							<conditions>
								<condition coverage="50%" number="0" type="jump" />
							</conditions>
						</line>
					</lines>
				</class>
			<class branch-rate="0.3333333333333333" complexity="3.6666666666666665" filename="com/ib/client/ExecutionFilter.java" line-rate="0.7692307692307693" name="com.ib.client.ExecutionFilter">
					<methods>
						<method branch-rate="1.0" complexity="0" line-rate="1.0" name="&lt;init&gt;" signature="()V">
							<lines>
								<line branch="false" hits="126" number="34" />
								<line branch="false" hits="126" number="35" />
								<line branch="false" hits="126" number="36" />
							</lines>
						</method>
						<method branch-rate="1.0" complexity="0" line-rate="1.0" name="&lt;init&gt;" signature="(ILjava/lang/String;Ljava/lang/String;Ljava/lang/String;Ljava/lang/String;Ljava/lang/String;Ljava/lang/String;)V">
							<lines>
								<line branch="false" hits="47" number="39" />
								<line branch="false" hits="47" number="40" />
								<line branch="false" hits="47" number="41" />
								<line branch="false" hits="47" number="42" />
								<line branch="false" hits="47" number="43" />
								<line branch="false" hits="47" number="44" />
								<line branch="false" hits="47" number="45" />
								<line branch="false" hits="47" number="46" />
								<line branch="false" hits="47" number="47" />
							</lines>
						</method>
						<method branch-rate="0.3333333333333333" complexity="0" line-rate="0.5714285714285714" name="equals" signature="(Ljava/lang/Object;)Z">
							<lines>
								<line branch="false" hits="22" number="50" />
								<line branch="true" condition-coverage="100% (2/2)" hits="22" number="52">
									<conditions>
										<condition coverage="100%" number="0" type="jump" />
									</conditions>
								</line>
								<line branch="false" hits="3" number="53" />
								<line branch="true" condition-coverage="50% (1/2)" hits="19" number="55">
									<conditions>
										<condition coverage="50%" number="0" type="jump" />
									</conditions>
								</line>
								<line branch="false" hits="0" number="56" />
								<line branch="false" hits="19" number="59" />
								<line branch="true" condition-coverage="100% (2/2)" hits="9" number="60">
									<conditions>
										<condition coverage="100%" number="0" type="jump" />
									</conditions>
								</line>
								<line branch="true" condition-coverage="50% (1/2)" hits="7" number="61">
									<conditions>
										<condition coverage="50%" number="0" type="jump" />
									</conditions>
								</line>
								<line branch="true" condition-coverage="0% (0/2)" hits="0" number="62">
									<conditions>
										<condition coverage="0%" number="0" type="jump" />
									</conditions>
								</line>
								<line branch="true" condition-coverage="0% (0/2)" hits="0" number="63">
									<conditions>
										<condition coverage="0%" number="0" type="jump" />
									</conditions>
								</line>
								<line branch="true" condition-coverage="0% (0/2)" hits="0" number="64">
									<conditions>
										<condition coverage="0%" number="0" type="jump" />
									</conditions>
								</line>
								<line branch="true" condition-coverage="0% (0/2)" hits="0" number="65">
									<conditions>
										<condition coverage="0%" number="0" type="jump" />
									</conditions>
								</line>
								<line branch="true" condition-coverage="0% (0/2)" hits="0" number="66">
									<conditions>
										<condition coverage="0%" number="0" type="jump" />
									</conditions>
								</line>
								<line branch="false" hits="6" number="68" />
							</lines>
						</method>
					</methods>
					<lines>
						<line branch="false" hits="126" number="34" />
						<line branch="false" hits="126" number="35" />
						<line branch="false" hits="126" number="36" />
						<line branch="false" hits="47" number="39" />
						<line branch="false" hits="47" number="40" />
						<line branch="false" hits="47" number="41" />
						<line branch="false" hits="47" number="42" />
						<line branch="false" hits="47" number="43" />
						<line branch="false" hits="47" number="44" />
						<line branch="false" hits="47" number="45" />
						<line branch="false" hits="47" number="46" />
						<line branch="false" hits="47" number="47" />
						<line branch="false" hits="22" number="50" />
						<line branch="true" condition-coverage="100% (2/2)" hits="22" number="52">
							<conditions>
								<condition coverage="100%" number="0" type="jump" />
							</conditions>
						</line>
						<line branch="false" hits="3" number="53" />
						<line branch="true" condition-coverage="50% (1/2)" hits="19" number="55">
							<conditions>
								<condition coverage="50%" number="0" type="jump" />
							</conditions>
						</line>
						<line branch="false" hits="0" number="56" />
						<line branch="false" hits="19" number="59" />
						<line branch="true" condition-coverage="100% (2/2)" hits="9" number="60">
							<conditions>
								<condition coverage="100%" number="0" type="jump" />
							</conditions>
						</line>
						<line branch="true" condition-coverage="50% (1/2)" hits="7" number="61">
							<conditions>
								<condition coverage="50%" number="0" type="jump" />
							</conditions>
						</line>
						<line branch="true" condition-coverage="0% (0/2)" hits="0" number="62">
							<conditions>
								<condition coverage="0%" number="0" type="jump" />
							</conditions>
						</line>
						<line branch="true" condition-coverage="0% (0/2)" hits="0" number="63">
							<conditions>
								<condition coverage="0%" number="0" type="jump" />
							</conditions>
						</line>
						<line branch="true" condition-coverage="0% (0/2)" hits="0" number="64">
							<conditions>
								<condition coverage="0%" number="0" type="jump" />
							</conditions>
						</line>
						<line branch="true" condition-coverage="0% (0/2)" hits="0" number="65">
							<conditions>
								<condition coverage="0%" number="0" type="jump" />
							</conditions>
						</line>
						<line branch="true" condition-coverage="0% (0/2)" hits="0" number="66">
							<conditions>
								<condition coverage="0%" number="0" type="jump" />
							</conditions>
						</line>
						<line branch="false" hits="6" number="68" />
					</lines>
				</class>
				<class branch-rate="0.6111111111111112" complexity="4.25" filename="com/ib/client/ComboLeg.java" line-rate="0.92" name="com.ib.client.ComboLeg">
					<methods>
						<method branch-rate="1.0" complexity="0" line-rate="1.0" name="&lt;init&gt;" signature="()V">
							<lines>
								<line branch="false" hits="130" number="43" />
								<line branch="false" hits="130" number="46" />
							</lines>
						</method>
						<method branch-rate="1.0" complexity="0" line-rate="1.0" name="&lt;init&gt;" signature="(IILjava/lang/String;Ljava/lang/String;I)V">
							<lines>
								<line branch="false" hits="21" number="49" />
								<line branch="false" hits="21" number="52" />
							</lines>
						</method>
						<method branch-rate="1.0" complexity="0" line-rate="1.0" name="&lt;init&gt;" signature="(IILjava/lang/String;Ljava/lang/String;IILjava/lang/String;)V">
							<lines>
								<line branch="false" hits="185" number="55" />
								<line branch="false" hits="185" number="56" />
								<line branch="false" hits="185" number="57" />
								<line branch="false" hits="185" number="58" />
								<line branch="false" hits="185" number="59" />
								<line branch="false" hits="185" number="60" />
								<line branch="false" hits="185" number="61" />
								<line branch="false" hits="185" number="62" />
								<line branch="false" hits="185" number="63" />
							</lines>
						</method>
						<method branch-rate="0.6111111111111112" complexity="0" line-rate="0.8333333333333334" name="equals" signature="(Ljava/lang/Object;)Z">
							<lines>
								<line branch="true" condition-coverage="50% (1/2)" hits="16" number="66">
									<conditions>
										<condition coverage="50%" number="0" type="jump" />
									</conditions>
								</line>
								<line branch="false" hits="0" number="67" />
								<line branch="true" condition-coverage="100% (2/2)" hits="16" number="69">
									<conditions>
										<condition coverage="100%" number="0" type="jump" />
									</conditions>
								</line>
								<line branch="false" hits="3" number="70" />
								<line branch="false" hits="13" number="73" />
								<line branch="true" condition-coverage="62% (5/8)" hits="6" number="75">
									<conditions>
										<condition coverage="100%" number="0" type="jump" />
										<condition coverage="50%" number="1" type="jump" />
										<condition coverage="50%" number="2" type="jump" />
										<condition coverage="50%" number="3" type="jump" />
									</conditions>
								</line>
								<line branch="false" hits="5" number="79" />
								<line branch="true" condition-coverage="50% (1/2)" hits="1" number="82">
									<conditions>
										<condition coverage="50%" number="0" type="jump" />
									</conditions>
								</line>
								<line branch="true" condition-coverage="50% (1/2)" hits="1" number="83">
									<conditions>
										<condition coverage="50%" number="0" type="jump" />
									</conditions>
								</line>
								<line branch="true" condition-coverage="50% (1/2)" hits="1" number="84">
									<conditions>
										<condition coverage="50%" number="0" type="jump" />
									</conditions>
								</line>
								<line branch="false" hits="1" number="85" />
								<line branch="false" hits="0" number="88" />
							</lines>
						</method>
					</methods>
					<lines>
						<line branch="false" hits="130" number="43" />
						<line branch="false" hits="130" number="46" />
						<line branch="false" hits="21" number="49" />
						<line branch="false" hits="21" number="52" />
						<line branch="false" hits="185" number="55" />
						<line branch="false" hits="185" number="56" />
						<line branch="false" hits="185" number="57" />
						<line branch="false" hits="185" number="58" />
						<line branch="false" hits="185" number="59" />
						<line branch="false" hits="185" number="60" />
						<line branch="false" hits="185" number="61" />
						<line branch="false" hits="185" number="62" />
						<line branch="false" hits="185" number="63" />
						<line branch="true" condition-coverage="50% (1/2)" hits="16" number="66">
							<conditions>
								<condition coverage="50%" number="0" type="jump" />
							</conditions>
						</line>
						<line branch="false" hits="0" number="67" />
						<line branch="true" condition-coverage="100% (2/2)" hits="16" number="69">
							<conditions>
								<condition coverage="100%" number="0" type="jump" />
							</conditions>
						</line>
						<line branch="false" hits="3" number="70" />
						<line branch="false" hits="13" number="73" />
						<line branch="true" condition-coverage="62% (5/8)" hits="6" number="75">
							<conditions>
								<condition coverage="100%" number="0" type="jump" />
								<condition coverage="50%" number="1" type="jump" />
								<condition coverage="50%" number="2" type="jump" />
								<condition coverage="50%" number="3" type="jump" />
							</conditions>
						</line>
						<line branch="false" hits="5" number="79" />
						<line branch="true" condition-coverage="50% (1/2)" hits="1" number="82">
							<conditions>
								<condition coverage="50%" number="0" type="jump" />
							</conditions>
						</line>
						<line branch="true" condition-coverage="50% (1/2)" hits="1" number="83">
							<conditions>
								<condition coverage="50%" number="0" type="jump" />
							</conditions>
						</line>
						<line branch="true" condition-coverage="50% (1/2)" hits="1" number="84">
							<conditions>
								<condition coverage="50%" number="0" type="jump" />
							</conditions>
						</line>
						<line branch="false" hits="1" number="85" />
						<line branch="false" hits="0" number="88" />
					</lines>
				</class>
				<class branch-rate="0.23529411764705882" complexity="1.4857142857142858" filename="com/ib/client/EWrapperMsgGenerator.java" line-rate="0.5" name="com.ib.client.EWrapperMsgGenerator">
					<methods>
						<method branch-rate="1.0" complexity="0" line-rate="1.0" name="&lt;init&gt;" signature="()V">
							<lines>
								<line branch="false" hits="1" number="25" />
							</lines>
						</method>
						<method branch-rate="1.0" complexity="0" line-rate="1.0" name="accountDownloadEnd" signature="(Ljava/lang/String;)Ljava/lang/String;">
							<lines>
								<line branch="false" hits="8" number="208" />
							</lines>
						</method>
						<method branch-rate="1.0" complexity="0" line-rate="0.3333333333333333" name="bondContractDetails" signature="(ILcom/ib/client/ContractDetails;)Ljava/lang/String;">
							<lines>
								<line branch="false" hits="10" number="259" />
								<line branch="false" hits="0" number="260" />
								<line branch="false" hits="0" number="289" />
							</lines>
						</method>
						<method branch-rate="1.0" complexity="0" line-rate="0.25" name="contractDetails" signature="(ILcom/ib/client/ContractDetails;)Ljava/lang/String;">
							<lines>
								<line branch="false" hits="5" number="216" />
								<line branch="false" hits="0" number="217" />
								<line branch="false" hits="0" number="219" />
								<line branch="false" hits="0" number="221" />
							</lines>
						</method>
						<method branch-rate="1.0" complexity="0" line-rate="1.0" name="contractDetailsEnd" signature="(I)Ljava/lang/String;">
							<lines>
								<line branch="false" hits="7" number="293" />
							</lines>
						</method>
						<method branch-rate="1.0" complexity="0" line-rate="0.0" name="contractDetailsMsg" signature="(Lcom/ib/client/ContractDetails;)Ljava/lang/String;">
							<lines>
								<line branch="false" hits="0" number="225" />
								<line branch="false" hits="0" number="240" />
							</lines>
						</method>
						<method branch-rate="1.0" complexity="0" line-rate="0.5" name="contractMsg" signature="(Lcom/ib/client/Contract;)Ljava/lang/String;">
							<lines>
								<line branch="false" hits="11" number="244" />
								<line branch="false" hits="0" number="255" />
							</lines>
						</method>
						<method branch-rate="1.0" complexity="0" line-rate="1.0" name="currentTime" signature="(J)Ljava/lang/String;">
							<lines>
								<line branch="false" hits="18" number="407" />
								<line branch="false" hits="9" number="408" />
							</lines>
						</method>
						<method branch-rate="1.0" complexity="0" line-rate="1.0" name="deltaNeutralValidation" signature="(ILcom/ib/client/UnderComp;)Ljava/lang/String;">
							<lines>
								<line branch="false" hits="9" number="416" />
							</lines>
						</method>
						<method branch-rate="1.0" complexity="0" line-rate="0.5" name="execDetails" signature="(ILcom/ib/client/Contract;Lcom/ib/client/Execution;)Ljava/lang/String;">
							<lines>
								<line branch="false" hits="10" number="297" />
								<line branch="false" hits="0" number="321" />
							</lines>
						</method>
						<method branch-rate="1.0" complexity="0" line-rate="1.0" name="execDetailsEnd" signature="(I)Ljava/lang/String;">
							<lines>
								<line branch="false" hits="7" number="325" />
							</lines>
						</method>
						<method branch-rate="1.0" complexity="0" line-rate="1.0" name="fundamentalData" signature="(ILjava/lang/String;)Ljava/lang/String;">
							<lines>
								<line branch="false" hits="12" number="412" />
							</lines>
						</method>
						<method branch-rate="1.0" complexity="0" line-rate="1.0" name="historicalData" signature="(ILjava/lang/String;DDDDIIDZ)Ljava/lang/String;">
							<lines>
								<line branch="false" hits="6" number="352" />
							</lines>
						</method>
						<method branch-rate="1.0" complexity="0" line-rate="1.0" name="managedAccounts" signature="(Ljava/lang/String;)Ljava/lang/String;">
							<lines>
								<line branch="false" hits="9" number="343" />
							</lines>
						</method>
						<method branch-rate="1.0" complexity="0" line-rate="1.0" name="nextValidId" signature="(I)Ljava/lang/String;">
							<lines>
								<line branch="false" hits="9" number="212" />
							</lines>
						</method>
						<method branch-rate="0.0" complexity="0" line-rate="0.034482758620689655" name="openOrder" signature="(ILcom/ib/client/Contract;Lcom/ib/client/Order;Lcom/ib/client/OrderState;)Ljava/lang/String;">
							<lines>
								<line branch="false" hits="11" number="78" />
								<line branch="false" hits="0" number="126" />
								<line branch="false" hits="0" number="127" />
								<line branch="false" hits="0" number="128" />
								<line branch="true" condition-coverage="0% (0/2)" hits="0" number="137">
									<conditions>
										<condition coverage="0%" number="0" type="jump" />
									</conditions>
								</line>
								<line branch="true" condition-coverage="0% (0/2)" hits="0" number="138">
									<conditions>
										<condition coverage="0%" number="0" type="jump" />
									</conditions>
								</line>
								<line branch="false" hits="0" number="139" />
								<line branch="true" condition-coverage="0% (0/2)" hits="0" number="141">
									<conditions>
										<condition coverage="0%" number="0" type="jump" />
									</conditions>
								</line>
								<line branch="false" hits="0" number="142" />
								<line branch="false" hits="0" number="143" />
								<line branch="true" condition-coverage="0% (0/2)" hits="0" number="147">
									<conditions>
										<condition coverage="0%" number="0" type="jump" />
									</conditions>
								</line>
								<line branch="false" hits="0" number="148" />
								<line branch="false" hits="0" number="149" />
								<line branch="true" condition-coverage="0% (0/2)" hits="0" number="155">
									<conditions>
										<condition coverage="0%" number="0" type="jump" />
									</conditions>
								</line>
								<line branch="false" hits="0" number="156" />
								<line branch="false" hits="0" number="157" />
								<line branch="true" condition-coverage="0% (0/2)" hits="0" number="158">
									<conditions>
										<condition coverage="0%" number="0" type="jump" />
									</conditions>
								</line>
								<line branch="false" hits="0" number="159" />
								<line branch="true" condition-coverage="0% (0/2)" hits="0" number="160">
									<conditions>
										<condition coverage="0%" number="0" type="jump" />
									</conditions>
								</line>
								<line branch="false" hits="0" number="161" />
								<line branch="true" condition-coverage="0% (0/2)" hits="0" number="162">
									<conditions>
										<condition coverage="0%" number="0" type="jump" />
									</conditions>
								</line>
								<line branch="false" hits="0" number="163" />
								<line branch="false" hits="0" number="165" />
								<line branch="false" hits="0" number="168" />
								<line branch="false" hits="0" number="171" />
								<line branch="false" hits="0" number="176" />
								<line branch="false" hits="0" number="177" />
								<line branch="false" hits="0" number="178" />
								<line branch="false" hits="0" number="183" />
							</lines>
						</method>
						<method branch-rate="1.0" complexity="0" line-rate="1.0" name="openOrderEnd" signature="()Ljava/lang/String;">
							<lines>
								<line branch="false" hits="1" number="187" />
							</lines>
						</method>
						<method branch-rate="1.0" complexity="0" line-rate="1.0" name="orderStatus" signature="(ILjava/lang/String;IIDIIDILjava/lang/String;)Ljava/lang/String;">
							<lines>
								<line branch="false" hits="14" number="71" />
							</lines>
						</method>
						<method branch-rate="1.0" complexity="0" line-rate="1.0" name="realtimeBar" signature="(IJDDDDJDI)Ljava/lang/String;">
							<lines>
								<line branch="false" hits="14" number="365" />
							</lines>
						</method>
						<method branch-rate="1.0" complexity="0" line-rate="1.0" name="receiveFA" signature="(ILjava/lang/String;)Ljava/lang/String;">
							<lines>
								<line branch="false" hits="10" number="347" />
							</lines>
						</method>
						<method branch-rate="1.0" complexity="0" line-rate="0.5" name="scannerData" signature="(IILcom/ib/client/ContractDetails;Ljava/lang/String;Ljava/lang/String;Ljava/lang/String;Ljava/lang/String;)Ljava/lang/String;">
							<lines>
								<line branch="false" hits="12" number="383" />
								<line branch="false" hits="0" number="384" />
							</lines>
						</method>
						<method branch-rate="1.0" complexity="0" line-rate="1.0" name="scannerDataEnd" signature="(I)Ljava/lang/String;">
							<lines>
								<line branch="false" hits="9" number="403" />
							</lines>
						</method>
						<method branch-rate="1.0" complexity="0" line-rate="1.0" name="scannerParameters" signature="(Ljava/lang/String;)Ljava/lang/String;">
							<lines>
								<line branch="false" hits="13" number="377" />
							</lines>
						</method>
						<method branch-rate="1.0" complexity="0" line-rate="1.0" name="tickEFP" signature="(IIDLjava/lang/String;DILjava/lang/String;DD)Ljava/lang/String;">
							<lines>
								<line branch="false" hits="5" number="61" />
							</lines>
						</method>
						<method branch-rate="1.0" complexity="0" line-rate="1.0" name="tickGeneric" signature="(IID)Ljava/lang/String;">
							<lines>
								<line branch="false" hits="11" number="51" />
							</lines>
						</method>
						<method branch-rate="0.375" complexity="0" line-rate="0.7142857142857143" name="tickOptionComputation" signature="(IIDDDD)Ljava/lang/String;">
							<lines>
								<line branch="true" condition-coverage="75% (3/4)" hits="13" number="40">
									<conditions>
										<condition coverage="100%" number="0" type="jump" />
										<condition coverage="50%" number="1" type="jump" />
									</conditions>
								</line>
								<line branch="false" hits="12" number="41" />
								<line branch="true" condition-coverage="100% (2/2)" hits="13" number="42">
									<conditions>
										<condition coverage="100%" number="0" type="jump" />
									</conditions>
								</line>
								<line branch="true" condition-coverage="50% (1/2)" hits="13" number="43">
									<conditions>
										<condition coverage="50%" number="0" type="jump" />
									</conditions>
								</line>
								<line branch="true" condition-coverage="0% (0/4)" hits="0" number="44">
									<conditions>
										<condition coverage="0%" number="0" type="jump" />
										<condition coverage="0%" number="1" type="jump" />
									</conditions>
								</line>
								<line branch="true" condition-coverage="0% (0/4)" hits="0" number="45">
									<conditions>
										<condition coverage="0%" number="0" type="jump" />
										<condition coverage="0%" number="1" type="jump" />
									</conditions>
								</line>
								<line branch="false" hits="13" number="47" />
							</lines>
						</method>
						<method branch-rate="1.0" complexity="0" line-rate="1.0" name="tickPrice" signature="(IIDI)Ljava/lang/String;">
							<lines>
								<line branch="true" condition-coverage="100% (2/2)" hits="11" number="30">
									<conditions>
										<condition coverage="100%" number="0" type="jump" />
									</conditions>
								</line>
							</lines>
						</method>
						<method branch-rate="1.0" complexity="0" line-rate="1.0" name="tickSize" signature="(III)Ljava/lang/String;">
							<lines>
								<line branch="false" hits="14" number="35" />
							</lines>
						</method>
						<method branch-rate="1.0" complexity="0" line-rate="1.0" name="tickSnapshotEnd" signature="(I)Ljava/lang/String;">
							<lines>
								<line branch="false" hits="8" number="422" />
							</lines>
						</method>
						<method branch-rate="1.0" complexity="0" line-rate="1.0" name="tickString" signature="(IILjava/lang/String;)Ljava/lang/String;">
							<lines>
								<line branch="false" hits="9" number="55" />
							</lines>
						</method>
						<method branch-rate="1.0" complexity="0" line-rate="1.0" name="updateAccountTime" signature="(Ljava/lang/String;)Ljava/lang/String;">
							<lines>
								<line branch="false" hits="12" number="204" />
							</lines>
						</method>
						<method branch-rate="1.0" complexity="0" line-rate="1.0" name="updateAccountValue" signature="(Ljava/lang/String;Ljava/lang/String;Ljava/lang/String;Ljava/lang/String;)Ljava/lang/String;">
							<lines>
								<line branch="false" hits="11" number="191" />
							</lines>
						</method>
						<method branch-rate="1.0" complexity="0" line-rate="1.0" name="updateMktDepth" signature="(IIIIDI)Ljava/lang/String;">
							<lines>
								<line branch="false" hits="7" number="330" />
							</lines>
						</method>
						<method branch-rate="1.0" complexity="0" line-rate="1.0" name="updateMktDepthL2" signature="(IILjava/lang/String;IIDI)Ljava/lang/String;">
							<lines>
								<line branch="false" hits="7" number="335" />
							</lines>
						</method>
						<method branch-rate="1.0" complexity="0" line-rate="1.0" name="updateNewsBulletin" signature="(IILjava/lang/String;Ljava/lang/String;)Ljava/lang/String;">
							<lines>
								<line branch="false" hits="19" number="339" />
							</lines>
						</method>
						<method branch-rate="1.0" complexity="0" line-rate="0.6666666666666666" name="updatePortfolio" signature="(Lcom/ib/client/Contract;IDDDDDLjava/lang/String;)Ljava/lang/String;">
							<lines>
								<line branch="false" hits="10" number="197" />
								<line branch="false" hits="10" number="198" />
								<line branch="false" hits="0" number="200" />
							</lines>
						</method>
					</methods>
					<lines>
						<line branch="false" hits="1" number="25" />
						<line branch="true" condition-coverage="100% (2/2)" hits="11" number="30">
							<conditions>
								<condition coverage="100%" number="0" type="jump" />
							</conditions>
						</line>
						<line branch="false" hits="14" number="35" />
						<line branch="true" condition-coverage="75% (3/4)" hits="13" number="40">
							<conditions>
								<condition coverage="100%" number="0" type="jump" />
								<condition coverage="50%" number="1" type="jump" />
							</conditions>
						</line>
						<line branch="false" hits="12" number="41" />
						<line branch="true" condition-coverage="100% (2/2)" hits="13" number="42">
							<conditions>
								<condition coverage="100%" number="0" type="jump" />
							</conditions>
						</line>
						<line branch="true" condition-coverage="50% (1/2)" hits="13" number="43">
							<conditions>
								<condition coverage="50%" number="0" type="jump" />
							</conditions>
						</line>
						<line branch="true" condition-coverage="0% (0/4)" hits="0" number="44">
							<conditions>
								<condition coverage="0%" number="0" type="jump" />
								<condition coverage="0%" number="1" type="jump" />
							</conditions>
						</line>
						<line branch="true" condition-coverage="0% (0/4)" hits="0" number="45">
							<conditions>
								<condition coverage="0%" number="0" type="jump" />
								<condition coverage="0%" number="1" type="jump" />
							</conditions>
						</line>
						<line branch="false" hits="13" number="47" />
						<line branch="false" hits="11" number="51" />
						<line branch="false" hits="9" number="55" />
						<line branch="false" hits="5" number="61" />
						<line branch="false" hits="14" number="71" />
						<line branch="false" hits="11" number="78" />
						<line branch="false" hits="0" number="126" />
						<line branch="false" hits="0" number="127" />
						<line branch="false" hits="0" number="128" />
						<line branch="true" condition-coverage="0% (0/2)" hits="0" number="137">
							<conditions>
								<condition coverage="0%" number="0" type="jump" />
							</conditions>
						</line>
						<line branch="true" condition-coverage="0% (0/2)" hits="0" number="138">
							<conditions>
								<condition coverage="0%" number="0" type="jump" />
							</conditions>
						</line>
						<line branch="false" hits="0" number="139" />
						<line branch="true" condition-coverage="0% (0/2)" hits="0" number="141">
							<conditions>
								<condition coverage="0%" number="0" type="jump" />
							</conditions>
						</line>
						<line branch="false" hits="0" number="142" />
						<line branch="false" hits="0" number="143" />
						<line branch="true" condition-coverage="0% (0/2)" hits="0" number="147">
							<conditions>
								<condition coverage="0%" number="0" type="jump" />
							</conditions>
						</line>
						<line branch="false" hits="0" number="148" />
						<line branch="false" hits="0" number="149" />
						<line branch="true" condition-coverage="0% (0/2)" hits="0" number="155">
							<conditions>
								<condition coverage="0%" number="0" type="jump" />
							</conditions>
						</line>
						<line branch="false" hits="0" number="156" />
						<line branch="false" hits="0" number="157" />
						<line branch="true" condition-coverage="0% (0/2)" hits="0" number="158">
							<conditions>
								<condition coverage="0%" number="0" type="jump" />
							</conditions>
						</line>
						<line branch="false" hits="0" number="159" />
						<line branch="true" condition-coverage="0% (0/2)" hits="0" number="160">
							<conditions>
								<condition coverage="0%" number="0" type="jump" />
							</conditions>
						</line>
						<line branch="false" hits="0" number="161" />
						<line branch="true" condition-coverage="0% (0/2)" hits="0" number="162">
							<conditions>
								<condition coverage="0%" number="0" type="jump" />
							</conditions>
						</line>
						<line branch="false" hits="0" number="163" />
						<line branch="false" hits="0" number="165" />
						<line branch="false" hits="0" number="168" />
						<line branch="false" hits="0" number="171" />
						<line branch="false" hits="0" number="176" />
						<line branch="false" hits="0" number="177" />
						<line branch="false" hits="0" number="178" />
						<line branch="false" hits="0" number="183" />
						<line branch="false" hits="1" number="187" />
						<line branch="false" hits="11" number="191" />
						<line branch="false" hits="10" number="197" />
						<line branch="false" hits="10" number="198" />
						<line branch="false" hits="0" number="200" />
						<line branch="false" hits="12" number="204" />
						<line branch="false" hits="8" number="208" />
						<line branch="false" hits="9" number="212" />
						<line branch="false" hits="5" number="216" />
						<line branch="false" hits="0" number="217" />
						<line branch="false" hits="0" number="219" />
						<line branch="false" hits="0" number="221" />
						<line branch="false" hits="0" number="225" />
						<line branch="false" hits="0" number="240" />
						<line branch="false" hits="11" number="244" />
						<line branch="false" hits="0" number="255" />
						<line branch="false" hits="10" number="259" />
						<line branch="false" hits="0" number="260" />
						<line branch="false" hits="0" number="289" />
						<line branch="false" hits="7" number="293" />
						<line branch="false" hits="10" number="297" />
						<line branch="false" hits="0" number="321" />
						<line branch="false" hits="7" number="325" />
						<line branch="false" hits="7" number="330" />
						<line branch="false" hits="7" number="335" />
						<line branch="false" hits="19" number="339" />
						<line branch="false" hits="9" number="343" />
						<line branch="false" hits="10" number="347" />
[...]
						<line branch="false" hits="0" number="703" />
						<line branch="true" condition-coverage="0% (0/2)" hits="0" number="704">
							<conditions>
								<condition coverage="0%" number="0" type="jump" />
							</conditions>
						</line>
						<line branch="false" hits="0" number="705" />
						<line branch="true" condition-coverage="0% (0/2)" hits="0" number="707">
							<conditions>
								<condition coverage="0%" number="0" type="jump" />
							</conditions>
						</line>
						<line branch="false" hits="0" number="708" />
						<line branch="true" condition-coverage="0% (0/2)" hits="0" number="710">
							<conditions>
								<condition coverage="0%" number="0" type="jump" />
							</conditions>
						</line>
						<line branch="false" hits="0" number="711" />
						<line branch="true" condition-coverage="0% (0/2)" hits="0" number="713">
							<conditions>
								<condition coverage="0%" number="0" type="jump" />
							</conditions>
						</line>
						<line branch="false" hits="0" number="714" />
						<line branch="false" hits="0" number="715" />
						<line branch="false" hits="0" number="718" />
						<line branch="false" hits="0" number="719" />
						<line branch="false" hits="0" number="722" />
						<line branch="false" hits="0" number="723" />
						<line branch="false" hits="0" number="725" />
						<line branch="false" hits="0" number="726" />
						<line branch="false" hits="0" number="727" />
						<line branch="false" hits="0" number="728" />
						<line branch="false" hits="0" number="729" />
						<line branch="false" hits="0" number="731" />
						<line branch="false" hits="0" number="733" />
						<line branch="false" hits="0" number="736" />
						<line branch="false" hits="0" number="737" />
						<line branch="false" hits="0" number="739" />
						<line branch="false" hits="0" number="740" />
						<line branch="false" hits="0" number="741" />
						<line branch="false" hits="0" number="742" />
						<line branch="false" hits="0" number="743" />
						<line branch="false" hits="0" number="744" />
						<line branch="false" hits="0" number="746" />
						<line branch="false" hits="0" number="748" />
						<line branch="false" hits="0" number="751" />
						<line branch="false" hits="0" number="752" />
						<line branch="false" hits="0" number="753" />
						<line branch="false" hits="0" number="754" />
						<line branch="false" hits="0" number="755" />
						<line branch="false" hits="0" number="757" />
						<line branch="false" hits="0" number="759" />
						<line branch="false" hits="0" number="762" />
						<line branch="false" hits="0" number="763" />
						<line branch="false" hits="0" number="765" />
						<line branch="false" hits="0" number="766" />
						<line branch="false" hits="0" number="769" />
						<line branch="false" hits="0" number="770" />
						<line branch="false" hits="0" number="771" />
						<line branch="false" hits="0" number="773" />
						<line branch="false" hits="0" number="774" />
						<line branch="false" hits="0" number="777" />
						<line branch="false" hits="0" number="778" />
						<line branch="false" hits="0" number="781" />
						<line branch="true" condition-coverage="0% (0/2)" hits="0" number="782">
							<conditions>
								<condition coverage="0%" number="0" type="jump" />
							</conditions>
						</line>
						<line branch="false" hits="0" number="783" />
						<line branch="false" hits="0" number="784" />
						<line branch="false" hits="0" number="785" />
						<line branch="false" hits="0" number="787" />
						<line branch="true" condition-coverage="0% (0/2)" hits="0" number="788">
							<conditions>
								<condition coverage="0%" number="0" type="jump" />
							</conditions>
						</line>
						<line branch="false" hits="0" number="789" />
						<line branch="false" hits="0" number="790" />
						<line branch="false" hits="0" number="791" />
						<line branch="false" hits="0" number="792" />
						<line branch="false" hits="0" number="793" />
						<line branch="false" hits="0" number="794" />
						<line branch="false" hits="0" number="795" />
						<line branch="false" hits="0" number="796" />
						<line branch="false" hits="0" number="797" />
						<line branch="true" condition-coverage="0% (0/2)" hits="0" number="798">
							<conditions>
								<condition coverage="0%" number="0" type="jump" />
							</conditions>
						</line>
						<line branch="false" hits="0" number="799" />
						<line branch="false" hits="0" number="801" />
						<line branch="false" hits="0" number="803" />
						<line branch="false" hits="0" number="806" />
						<line branch="false" hits="0" number="808" />
						<line branch="false" hits="0" number="811" />
						<line branch="false" hits="0" number="812" />
						<line branch="false" hits="0" number="813" />
						<line branch="false" hits="0" number="814" />
						<line branch="false" hits="0" number="817" />
						<line branch="false" hits="0" number="818" />
						<line branch="false" hits="0" number="819" />
						<line branch="false" hits="0" number="820" />
						<line branch="false" hits="0" number="823" />
						<line branch="false" hits="0" number="824" />
						<line branch="false" hits="0" number="825" />
						<line branch="false" hits="0" number="826" />
						<line branch="false" hits="0" number="827" />
						<line branch="false" hits="0" number="828" />
						<line branch="false" hits="0" number="829" />
						<line branch="false" hits="0" number="830" />
						<line branch="false" hits="0" number="831" />
						<line branch="false" hits="0" number="832" />
						<line branch="false" hits="0" number="833" />
						<line branch="false" hits="0" number="835" />
						<line branch="false" hits="0" number="838" />
						<line branch="false" hits="0" number="839" />
						<line branch="false" hits="0" number="840" />
						<line branch="false" hits="0" number="841" />
						<line branch="false" hits="0" number="842" />
						<line branch="false" hits="0" number="845" />
						<line branch="false" hits="0" number="846" />
						<line branch="false" hits="0" number="847" />
						<line branch="false" hits="0" number="848" />
						<line branch="false" hits="0" number="851" />
						<line branch="false" hits="0" number="852" />
						<line branch="false" hits="0" number="853" />
						<line branch="false" hits="0" number="856" />
						<line branch="false" hits="0" number="857" />
						<line branch="false" hits="0" number="858" />
						<line branch="false" hits="0" number="859" />
						<line branch="false" hits="0" number="862" />
						<line branch="false" hits="0" number="863" />
						<line branch="false" hits="0" number="864" />
						<line branch="false" hits="0" number="865" />
						<line branch="false" hits="0" number="868" />
						<line branch="false" hits="0" number="869" />
						<line branch="false" hits="0" number="871" />
						<line branch="false" hits="0" number="872" />
						<line branch="false" hits="0" number="873" />
						<line branch="false" hits="0" number="874" />
						<line branch="false" hits="0" number="876" />
						<line branch="false" hits="0" number="877" />
						<line branch="false" hits="0" number="880" />
						<line branch="false" hits="0" number="881" />
						<line branch="false" hits="0" number="883" />
						<line branch="false" hits="0" number="884" />
						<line branch="false" hits="0" number="888" />
						<line branch="false" hits="0" number="891" />
						<line branch="false" hits="0" number="895" />
						<line branch="false" hits="27" number="899" />
						<line branch="false" hits="27" number="901" />
						<line branch="true" condition-coverage="0% (0/2)" hits="0" number="902">
							<conditions>
								<condition coverage="0%" number="0" type="jump" />
							</conditions>
						</line>
						<line branch="false" hits="0" number="903" />
						<line branch="false" hits="0" number="905" />
						<line branch="false" hits="0" number="906" />
						<line branch="false" hits="0" number="908" />
						<line branch="true" condition-coverage="0% (0/2)" hits="0" number="909">
							<conditions>
								<condition coverage="0%" number="0" type="jump" />
							</conditions>
						</line>
						<line branch="false" hits="0" number="913" />
						<line branch="true" condition-coverage="0% (0/4)" hits="0" number="914">
							<conditions>
								<condition coverage="0%" number="0" type="jump" />
								<condition coverage="0%" number="1" type="jump" />
							</conditions>
						</line>
						<line branch="false" hits="27" number="918" />
						<line branch="false" hits="27" number="922" />
						<line branch="true" condition-coverage="0% (0/2)" hits="0" number="923">
							<conditions>
								<condition coverage="0%" number="0" type="jump" />
							</conditions>
						</line>
						<line branch="false" hits="0" number="927" />
						<line branch="true" condition-coverage="0% (0/4)" hits="0" number="928">
							<conditions>
								<condition coverage="0%" number="0" type="jump" />
								<condition coverage="0%" number="1" type="jump" />
							</conditions>
						</line>
						<line branch="false" hits="0" number="929" />
						<line branch="false" hits="0" number="933" />
						<line branch="true" condition-coverage="0% (0/2)" hits="0" number="934">
							<conditions>
								<condition coverage="0%" number="0" type="jump" />
							</conditions>
						</line>
						<line branch="false" hits="0" number="938" />
						<line branch="true" condition-coverage="0% (0/2)" hits="0" number="939">
							<conditions>
								<condition coverage="0%" number="0" type="jump" />
							</conditions>
						</line>
						<line branch="false" hits="0" number="943" />
						<line branch="true" condition-coverage="0% (0/4)" hits="0" number="944">
							<conditions>
								<condition coverage="0%" number="0" type="jump" />
								<condition coverage="0%" number="1" type="jump" />
							</conditions>
						</line>
						<line branch="false" hits="0" number="945" />
						<line branch="false" hits="328" number="949" />
						<line branch="false" hits="328" number="950" />
						<line branch="false" hits="0" number="953" />
					</lines>
				</class>
				<class branch-rate="1.0" complexity="1.0" filename="com/ib/client/EException.java" line-rate="0.9166666666666666" name="com.ib.client.EException">
					<methods>
						<method branch-rate="1.0" complexity="0" line-rate="1.0" name="&lt;init&gt;" signature="(IILjava/lang/String;)V">
							<lines>
								<line branch="false" hits="284" number="39" />
								<line branch="false" hits="284" number="41" />
								<line branch="false" hits="284" number="42" />
								<line branch="false" hits="284" number="43" />
							</lines>
						</method>
						<method branch-rate="1.0" complexity="0" line-rate="0.5" name="&lt;init&gt;" signature="(ILcom/ib/client/EClientErrors$CodeMsgPair;)V">
							<lines>
								<line branch="false" hits="17" number="35" />
								<line branch="false" hits="0" number="36" />
							</lines>
						</method>
						<method branch-rate="1.0" complexity="0" line-rate="1.0" name="&lt;init&gt;" signature="(Ljava/lang/String;)V">
							<lines>
								<line branch="false" hits="24" number="31" />
								<line branch="false" hits="24" number="32" />
							</lines>
						</method>
						<method branch-rate="1.0" complexity="0" line-rate="1.0" name="getErrorCode" signature="()I">
							<lines>
								<line branch="false" hits="74" number="60" />
							</lines>
						</method>
						<method branch-rate="1.0" complexity="0" line-rate="1.0" name="getId" signature="()I">
							<lines>
								<line branch="false" hits="51" number="51" />
							</lines>
						</method>
						<method branch-rate="1.0" complexity="0" line-rate="1.0" name="getMessage" signature="()Ljava/lang/String;">
							<lines>
								<line branch="false" hits="118" number="68" />
								<line branch="false" hits="59" number="69" />
							</lines>
						</method>
					</methods>
					<lines>
						<line branch="false" hits="24" number="31" />
						<line branch="false" hits="24" number="32" />
						<line branch="false" hits="17" number="35" />
						<line branch="false" hits="0" number="36" />
						<line branch="false" hits="284" number="39" />
						<line branch="false" hits="284" number="41" />
						<line branch="false" hits="284" number="42" />
						<line branch="false" hits="284" number="43" />
						<line branch="false" hits="51" number="51" />
						<line branch="false" hits="74" number="60" />
						<line branch="false" hits="118" number="68" />
						<line branch="false" hits="59" number="69" />
					</lines>
				</class>
				<class branch-rate="0.875" complexity="3.3333333333333335" filename="com/ib/client/TagValue.java" line-rate="0.9333333333333333" name="com.ib.client.TagValue">
					<methods>
						<method branch-rate="1.0" complexity="0" line-rate="1.0" name="&lt;init&gt;" signature="()V">
							<lines>
								<line branch="false" hits="109" number="31" />
								<line branch="false" hits="109" number="32" />
							</lines>
						</method>
						<method branch-rate="1.0" complexity="0" line-rate="1.0" name="&lt;init&gt;" signature="(Ljava/lang/String;Ljava/lang/String;)V">
							<lines>
								<line branch="false" hits="135" number="34" />
								<line branch="false" hits="135" number="35" />
								<line branch="false" hits="135" number="36" />
								<line branch="false" hits="135" number="37" />
							</lines>
						</method>
						<method branch-rate="0.875" complexity="0" line-rate="0.8888888888888888" name="equals" signature="(Ljava/lang/Object;)Z">
							<lines>
								<line branch="true" condition-coverage="50% (1/2)" hits="132" number="41">
									<conditions>
										<condition coverage="50%" number="0" type="jump" />
									</conditions>
								</line>
								<line branch="false" hits="0" number="42" />
								<line branch="true" condition-coverage="100% (2/2)" hits="132" number="44">
									<conditions>
										<condition coverage="100%" number="0" type="jump" />
									</conditions>
								</line>
								<line branch="false" hits="19" number="45" />
								<line branch="false" hits="113" number="47" />
								<line branch="true" condition-coverage="100% (2/2)" hits="73" number="49">
									<conditions>
										<condition coverage="100%" number="0" type="jump" />
									</conditions>
								</line>
								<line branch="true" condition-coverage="100% (2/2)" hits="50" number="50">
									<conditions>
										<condition coverage="100%" number="0" type="jump" />
									</conditions>
								</line>
								<line branch="false" hits="28" number="51" />
								<line branch="false" hits="45" number="54" />
							</lines>
						</method>
					</methods>
					<lines>
						<line branch="false" hits="109" number="31" />
						<line branch="false" hits="109" number="32" />
						<line branch="false" hits="135" number="34" />
						<line branch="false" hits="135" number="35" />
						<line branch="false" hits="135" number="36" />
						<line branch="false" hits="135" number="37" />
						<line branch="true" condition-coverage="50% (1/2)" hits="132" number="41">
							<conditions>
								<condition coverage="50%" number="0" type="jump" />
							</conditions>
						</line>
						<line branch="false" hits="0" number="42" />
						<line branch="true" condition-coverage="100% (2/2)" hits="132" number="44">
							<conditions>
								<condition coverage="100%" number="0" type="jump" />
							</conditions>
						</line>
						<line branch="false" hits="19" number="45" />
						<line branch="false" hits="113" number="47" />
						<line branch="true" condition-coverage="100% (2/2)" hits="73" number="49">
							<conditions>
								<condition coverage="100%" number="0" type="jump" />
							</conditions>
						</line>
						<line branch="true" condition-coverage="100% (2/2)" hits="50" number="50">
							<conditions>
								<condition coverage="100%" number="0" type="jump" />
							</conditions>
						</line>
						<line branch="false" hits="28" number="51" />
						<line branch="false" hits="45" number="54" />
					</lines>
				</class>
				<class branch-rate="1.0" complexity="1.0" filename="com/ib/client/ContractDetails.java" line-rate="1.0" name="com.ib.client.ContractDetails">
					<methods>
						<method branch-rate="1.0" complexity="0" line-rate="1.0" name="&lt;init&gt;" signature="()V">
							<lines>
								<line branch="false" hits="66" number="60" />
								<line branch="false" hits="66" number="61" />
								<line branch="false" hits="66" number="62" />
								<line branch="false" hits="66" number="63" />
								<line branch="false" hits="66" number="64" />
							</lines>
						</method>
						<method branch-rate="1.0" complexity="0" line-rate="1.0" name="&lt;init&gt;" signature="(Lcom/ib/client/Contract;Ljava/lang/String;Ljava/lang/String;DLjava/lang/String;Ljava/lang/String;ILjava/lang/String;Ljava/lang/String;Ljava/lang/String;Ljava/lang/String;Ljava/lang/String;Ljava/lang/String;Ljava/lang/String;Ljava/lang/String;)V">
							<lines>
								<line branch="false" hits="170" number="49" />
								<line branch="false" hits="170" number="50" />
								<line branch="false" hits="170" number="51" />
								<line branch="false" hits="170" number="52" />
								<line branch="false" hits="170" number="57" />
								<line branch="false" hits="104" number="69" />
								<line branch="false" hits="104" number="70" />
								<line branch="false" hits="104" number="71" />
								<line branch="false" hits="104" number="72" />
								<line branch="false" hits="104" number="73" />
								<line branch="false" hits="104" number="74" />
								<line branch="false" hits="104" number="75" />
								<line branch="false" hits="104" number="76" />
								<line branch="false" hits="104" number="77" />
								<line branch="false" hits="104" number="78" />
								<line branch="false" hits="104" number="79" />
								<line branch="false" hits="104" number="80" />
								<line branch="false" hits="104" number="81" />
								<line branch="false" hits="104" number="82" />
								<line branch="false" hits="104" number="83" />
								<line branch="false" hits="104" number="84" />
								<line branch="false" hits="104" number="85" />
							</lines>
						</method>
					</methods>
					<lines>
						<line branch="false" hits="170" number="49" />
						<line branch="false" hits="170" number="50" />
						<line branch="false" hits="170" number="51" />
						<line branch="false" hits="170" number="52" />
						<line branch="false" hits="170" number="57" />
						<line branch="false" hits="66" number="60" />
						<line branch="false" hits="66" number="61" />
						<line branch="false" hits="66" number="62" />
						<line branch="false" hits="66" number="63" />
						<line branch="false" hits="66" number="64" />
						<line branch="false" hits="104" number="69" />
						<line branch="false" hits="104" number="70" />
						<line branch="false" hits="104" number="71" />
						<line branch="false" hits="104" number="72" />
						<line branch="false" hits="104" number="73" />
						<line branch="false" hits="104" number="74" />
						<line branch="false" hits="104" number="75" />
						<line branch="false" hits="104" number="76" />
						<line branch="false" hits="104" number="77" />
						<line branch="false" hits="104" number="78" />
						<line branch="false" hits="104" number="79" />
						<line branch="false" hits="104" number="80" />
						<line branch="false" hits="104" number="81" />
						<line branch="false" hits="104" number="82" />
						<line branch="false" hits="104" number="83" />
						<line branch="false" hits="104" number="84" />
						<line branch="false" hits="104" number="85" />
					</lines>
				</class>
				</classes>
		</package>
	</packages>
</coverage>